2019/05/28 11:19:16 Starting cygwin install, version 2.897
2019/05/28 11:19:16 User has backup/restore rights
2019/05/28 11:19:16 io_stream_cygfile: fopen(/etc/setup/setup.rc) failed 2 No such file or directory
2019/05/28 11:19:16 Current Directory: C:\Users\Automation3\Downloads
2019/05/28 11:19:16 Could not open service McShield for query, start and stop. McAfee may not be installed, or we don't have access.
2019/05/28 11:19:35 source: network install
2019/05/28 11:20:22 root: C:\ImageScripter_2\cygwin system
2019/05/28 11:20:39 Selected local directory: C:\Users\Automation3\Downloads
2019/05/28 11:20:43 net: Preconfig
2019/05/28 11:20:51 site: ftp://ftp.twaren.net/Unix/sourceware.org/cygwin/
2019/05/28 11:20:59 connection error: 550 Failed to change directory.   fetching ftp://ftp.twaren.net/Unix/sourceware.org/cygwin/x86_64/setup.zst.sig
2019/05/28 11:21:06 connection error: 550 Failed to change directory.   fetching ftp://ftp.twaren.net/Unix/sourceware.org/cygwin/x86_64/setup.zst
2019/05/28 11:21:24 io_stream_cygfile: fopen(/etc/setup/timestamp) failed 2 No such file or directory
2019/05/28 11:21:24 io_stream_cygfile: fopen(/etc/setup/installed.db) failed 2 No such file or directory
2019/05/28 11:21:24 solving: 37 tasks, update: yes, use test packages: no
2019/05/28 11:21:45 solving: 71 tasks, update: no, use test packages: no
2019/05/28 11:21:45 Augmented Transaction List:
2019/05/28 11:21:45    0 install                                     base-cygwin               3.8-1
2019/05/28 11:21:45    1 install                                          cygwin             3.0.7-1
2019/05/28 11:21:45    2 install                                  libpopt-common              1.16-2
2019/05/28 11:21:45    3 install                                        terminfo     6.0-12.20171125
2019/05/28 11:21:45    4 install                                          tzdata             2018i-1
2019/05/28 11:21:45    5 install                                           zlib0            1.2.11-1
2019/05/28 11:21:45    6 install                                           which              2.20-2
2019/05/28 11:21:45    7 install                                             run             1.3.4-2
2019/05/28 11:21:45    8 install                                          mintty             3.0.0-1
2019/05/28 11:21:45    9 install                                           login              1.13-1
2019/05/28 11:21:45   10 install                                      libtasn1_6              4.13-1
2019/05/28 11:21:45   11 install                                     libsigsegv2              2.10-2
2019/05/28 11:21:45   12 install                                    libpipeline1             1.4.0-1
2019/05/28 11:21:45   13 install                                        libpcre1              8.43-1
2019/05/28 11:21:45   14 install                                        liblzma5             5.2.3-1
2019/05/28 11:21:45   15 install                                       libiconv2              1.14-3
2019/05/28 11:21:45   16 install                                        libgmp10             6.1.2-1
2019/05/28 11:21:45   17 install                                         libgcc1             7.4.0-1
2019/05/28 11:21:45   18 install                                         libffi6             3.2.1-2
2019/05/28 11:21:45   19 install                                        libbz2_1             1.0.6-3
2019/05/28 11:21:45   20 install                                         libargp          20110921-3
2019/05/28 11:21:45   21 install                                       ipc-utils               1.0-2
2019/05/28 11:21:45   22 install                                        hostname              3.13-1
2019/05/28 11:21:45   23 install                                      editrights              1.03-1
2019/05/28 11:21:45   24 install                                            dash           0.5.9.1-1
2019/05/28 11:21:45   25 install                                   libncursesw10     6.0-12.20171125
2019/05/28 11:21:45   26 install                                            file              5.32-1
2019/05/28 11:21:45   27 install                                        libintl8          0.19.8.1-2
2019/05/28 11:21:45   28 install                                      libstdc++6             7.4.0-1
2019/05/28 11:21:45   29 install                                        libmpfr6             4.0.2-1
2019/05/28 11:21:45   30 install                                          getent           2.18.90-4
2019/05/28 11:21:45   31 install                                     _autorebase            001007-1
2019/05/28 11:21:45   32 install                                     vim-minimal          8.1.1240-1
2019/05/28 11:21:45   33 install                                         ncurses     6.0-12.20171125
2019/05/28 11:21:45   34 install                                    libreadline7             7.0.3-3
2019/05/28 11:21:45   35 install                                            less               530-1
2019/05/28 11:21:45   36 install                                             sed               4.4-1
2019/05/28 11:21:45   37 install                                        libuuid1            2.33.1-1
2019/05/28 11:21:45   38 install                                   libsmartcols1            2.33.1-1
2019/05/28 11:21:45   39 install                                        libpopt0              1.16-2
2019/05/28 11:21:45   40 install                                     libp11-kit0           0.23.15-1
2019/05/28 11:21:45   41 install                                        libiconv              1.14-3
2019/05/28 11:21:45   42 install                                        libgdbm4              1.12-1
2019/05/28 11:21:45   43 install                                        libattr1            2.4.48-2
2019/05/28 11:21:45   44 install                                            info               6.6-1
2019/05/28 11:21:45   45 install                                       diffutils               3.5-2
2019/05/28 11:21:45   46 install                                    alternatives          1.3.30c-10
2019/05/28 11:21:45   47 install                                            gawk             5.0.0-1
2019/05/28 11:21:45   48 install                                       libblkid1            2.33.1-1
2019/05/28 11:21:45   49 install                                        cygutils            1.4.16-2
2019/05/28 11:21:45   50 install                                   p11-kit-trust           0.23.15-1
2019/05/28 11:21:45   51 install                                         p11-kit           0.23.15-1
2019/05/28 11:21:45   52 install                                       coreutils              8.26-2
2019/05/28 11:21:45   53 install                                       libfdisk1            2.33.1-1
2019/05/28 11:21:45   54 install                                            bash            4.4.12-3
2019/05/28 11:21:45   55 install                                      util-linux            2.33.1-1
2019/05/28 11:21:45   56 install                                          tzcode             2018i-1
2019/05/28 11:21:45   57 install                                              xz             5.2.3-1
2019/05/28 11:21:45   58 install                                            gzip               1.8-1
2019/05/28 11:21:45   59 install                                           groff            1.22.4-1
2019/05/28 11:21:45   60 install                                            grep               3.0-2
2019/05/28 11:21:45   61 install                                       findutils             4.6.0-1
2019/05/28 11:21:45   62 install                                 crypto-policies          20190218-1
2019/05/28 11:21:45   63 install                                 ca-certificates              2.30-1
2019/05/28 11:21:45   64 install                                           bzip2             1.0.6-3
2019/05/28 11:21:45   65 install                                          man-db           2.7.6.1-1
2019/05/28 11:21:45   66 install                                          rebase             4.4.4-1
2019/05/28 11:21:45   67 install                                      base-files               4.3-2
2019/05/28 11:21:45   68 install                                       libssl1.1            1.1.1b-1
2019/05/28 11:21:45   69 install                                             tar              1.29-1
2019/05/28 11:21:45   70 install                                         openssl            1.1.1b-1
2019/05/28 11:21:49 Downloaded C:\Users\Automation3\Downloads/ftp%3a%2f%2fftp.twaren.net%2fUnix%2fsourceware.org%2fcygwin%2f/noarch/release/base-cygwin/base-cygwin-3.8-1.tar.xz
2019/05/28 11:21:59 Downloaded C:\Users\Automation3\Downloads/ftp%3a%2f%2fftp.twaren.net%2fUnix%2fsourceware.org%2fcygwin%2f/x86_64/release/cygwin/cygwin-3.0.7-1.tar.xz
2019/05/28 11:22:02 Downloaded C:\Users\Automation3\Downloads/ftp%3a%2f%2fftp.twaren.net%2fUnix%2fsourceware.org%2fcygwin%2f/x86_64/release/popt/libpopt-common/libpopt-common-1.16-2.tar.xz
2019/05/28 11:22:04 Downloaded C:\Users\Automation3\Downloads/ftp%3a%2f%2fftp.twaren.net%2fUnix%2fsourceware.org%2fcygwin%2f/x86_64/release/ncurses/terminfo/terminfo-6.0-12.20171125.tar.xz
2019/05/28 11:22:08 Downloaded C:\Users\Automation3\Downloads/ftp%3a%2f%2fftp.twaren.net%2fUnix%2fsourceware.org%2fcygwin%2f/noarch/release/tzdata/tzdata-2018i-1.tar.xz
2019/05/28 11:22:11 Downloaded C:\Users\Automation3\Downloads/ftp%3a%2f%2fftp.twaren.net%2fUnix%2fsourceware.org%2fcygwin%2f/x86_64/release/zlib/zlib0/zlib0-1.2.11-1.tar.xz
2019/05/28 11:22:13 Downloaded C:\Users\Automation3\Downloads/ftp%3a%2f%2fftp.twaren.net%2fUnix%2fsourceware.org%2fcygwin%2f/x86_64/release/which/which-2.20-2.tar.bz2
2019/05/28 11:22:16 Downloaded C:\Users\Automation3\Downloads/ftp%3a%2f%2fftp.twaren.net%2fUnix%2fsourceware.org%2fcygwin%2f/x86_64/release/run/run-1.3.4-2.tar.xz
2019/05/28 11:22:23 Downloaded C:\Users\Automation3\Downloads/ftp%3a%2f%2fftp.twaren.net%2fUnix%2fsourceware.org%2fcygwin%2f/x86_64/release/mintty/mintty-3.0.0-1.tar.xz
2019/05/28 11:22:26 Downloaded C:\Users\Automation3\Downloads/ftp%3a%2f%2fftp.twaren.net%2fUnix%2fsourceware.org%2fcygwin%2f/x86_64/release/login/login-1.13-1.tar.xz
2019/05/28 11:22:28 Downloaded C:\Users\Automation3\Downloads/ftp%3a%2f%2fftp.twaren.net%2fUnix%2fsourceware.org%2fcygwin%2f/x86_64/release/libtasn1/libtasn1_6/libtasn1_6-4.13-1.tar.xz
2019/05/28 11:22:31 Downloaded C:\Users\Automation3\Downloads/ftp%3a%2f%2fftp.twaren.net%2fUnix%2fsourceware.org%2fcygwin%2f/x86_64/release/libsigsegv/libsigsegv2/libsigsegv2-2.10-2.tar.xz
2019/05/28 11:22:33 Downloaded C:\Users\Automation3\Downloads/ftp%3a%2f%2fftp.twaren.net%2fUnix%2fsourceware.org%2fcygwin%2f/x86_64/release/libpipeline/libpipeline1/libpipeline1-1.4.0-1.tar.xz
2019/05/28 11:22:36 Downloaded C:\Users\Automation3\Downloads/ftp%3a%2f%2fftp.twaren.net%2fUnix%2fsourceware.org%2fcygwin%2f/x86_64/release/pcre/libpcre1/libpcre1-8.43-1.tar.xz
2019/05/28 11:22:39 Downloaded C:\Users\Automation3\Downloads/ftp%3a%2f%2fftp.twaren.net%2fUnix%2fsourceware.org%2fcygwin%2f/x86_64/release/xz/liblzma5/liblzma5-5.2.3-1.tar.xz
2019/05/28 11:22:45 Downloaded C:\Users\Automation3\Downloads/ftp%3a%2f%2fftp.twaren.net%2fUnix%2fsourceware.org%2fcygwin%2f/x86_64/release/libiconv/libiconv2/libiconv2-1.14-3.tar.xz
2019/05/28 11:22:49 Downloaded C:\Users\Automation3\Downloads/ftp%3a%2f%2fftp.twaren.net%2fUnix%2fsourceware.org%2fcygwin%2f/x86_64/release/gmp/libgmp10/libgmp10-6.1.2-1.tar.xz
2019/05/28 11:22:51 Downloaded C:\Users\Automation3\Downloads/ftp%3a%2f%2fftp.twaren.net%2fUnix%2fsourceware.org%2fcygwin%2f/x86_64/release/gcc/libgcc1/libgcc1-7.4.0-1.tar.xz
2019/05/28 11:22:54 Downloaded C:\Users\Automation3\Downloads/ftp%3a%2f%2fftp.twaren.net%2fUnix%2fsourceware.org%2fcygwin%2f/x86_64/release/libffi/libffi6/libffi6-3.2.1-2.tar.xz
2019/05/28 11:22:57 Downloaded C:\Users\Automation3\Downloads/ftp%3a%2f%2fftp.twaren.net%2fUnix%2fsourceware.org%2fcygwin%2f/x86_64/release/bzip2/libbz2_1/libbz2_1-1.0.6-3.tar.xz
2019/05/28 11:23:00 Downloaded C:\Users\Automation3\Downloads/ftp%3a%2f%2fftp.twaren.net%2fUnix%2fsourceware.org%2fcygwin%2f/x86_64/release/libargp/libargp-20110921-3.tar.xz
2019/05/28 11:23:02 Downloaded C:\Users\Automation3\Downloads/ftp%3a%2f%2fftp.twaren.net%2fUnix%2fsourceware.org%2fcygwin%2f/x86_64/release/ipc-utils/ipc-utils-1.0-2.tar.bz2
2019/05/28 11:23:05 Downloaded C:\Users\Automation3\Downloads/ftp%3a%2f%2fftp.twaren.net%2fUnix%2fsourceware.org%2fcygwin%2f/x86_64/release/hostname/hostname-3.13-1.tar.bz2
2019/05/28 11:23:07 Downloaded C:\Users\Automation3\Downloads/ftp%3a%2f%2fftp.twaren.net%2fUnix%2fsourceware.org%2fcygwin%2f/x86_64/release/editrights/editrights-1.03-1.tar.xz
2019/05/28 11:23:10 Downloaded C:\Users\Automation3\Downloads/ftp%3a%2f%2fftp.twaren.net%2fUnix%2fsourceware.org%2fcygwin%2f/x86_64/release/dash/dash-0.5.9.1-1.tar.xz
2019/05/28 11:23:14 Downloaded C:\Users\Automation3\Downloads/ftp%3a%2f%2fftp.twaren.net%2fUnix%2fsourceware.org%2fcygwin%2f/x86_64/release/ncurses/libncursesw10/libncursesw10-6.0-12.20171125.tar.xz
2019/05/28 11:23:19 Downloaded C:\Users\Automation3\Downloads/ftp%3a%2f%2fftp.twaren.net%2fUnix%2fsourceware.org%2fcygwin%2f/x86_64/release/file/file-5.32-1.tar.xz
2019/05/28 11:23:22 Downloaded C:\Users\Automation3\Downloads/ftp%3a%2f%2fftp.twaren.net%2fUnix%2fsourceware.org%2fcygwin%2f/x86_64/release/gettext/libintl8/libintl8-0.19.8.1-2.tar.xz
2019/05/28 11:23:26 Downloaded C:\Users\Automation3\Downloads/ftp%3a%2f%2fftp.twaren.net%2fUnix%2fsourceware.org%2fcygwin%2f/x86_64/release/gcc/libstdc++6/libstdc++6-7.4.0-1.tar.xz
2019/05/28 11:23:30 Downloaded C:\Users\Automation3\Downloads/ftp%3a%2f%2fftp.twaren.net%2fUnix%2fsourceware.org%2fcygwin%2f/x86_64/release/mpfr/libmpfr6/libmpfr6-4.0.2-1.tar.xz
2019/05/28 11:23:33 Downloaded C:\Users\Automation3\Downloads/ftp%3a%2f%2fftp.twaren.net%2fUnix%2fsourceware.org%2fcygwin%2f/x86_64/release/getent/getent-2.18.90-4.tar.xz
2019/05/28 11:23:35 Downloaded C:\Users\Automation3\Downloads/ftp%3a%2f%2fftp.twaren.net%2fUnix%2fsourceware.org%2fcygwin%2f/noarch/release/_autorebase/_autorebase-001007-1.tar.xz
2019/05/28 11:23:42 Downloaded C:\Users\Automation3\Downloads/ftp%3a%2f%2fftp.twaren.net%2fUnix%2fsourceware.org%2fcygwin%2f/x86_64/release/vim/vim-minimal/vim-minimal-8.1.1240-1.tar.xz
2019/05/28 11:23:48 Downloaded C:\Users\Automation3\Downloads/ftp%3a%2f%2fftp.twaren.net%2fUnix%2fsourceware.org%2fcygwin%2f/x86_64/release/ncurses/ncurses-6.0-12.20171125.tar.xz
2019/05/28 11:23:51 Downloaded C:\Users\Automation3\Downloads/ftp%3a%2f%2fftp.twaren.net%2fUnix%2fsourceware.org%2fcygwin%2f/x86_64/release/readline/libreadline7/libreadline7-7.0.3-3.tar.xz
2019/05/28 11:23:55 Downloaded C:\Users\Automation3\Downloads/ftp%3a%2f%2fftp.twaren.net%2fUnix%2fsourceware.org%2fcygwin%2f/x86_64/release/less/less-530-1.tar.xz
2019/05/28 11:24:01 Downloaded C:\Users\Automation3\Downloads/ftp%3a%2f%2fftp.twaren.net%2fUnix%2fsourceware.org%2fcygwin%2f/x86_64/release/sed/sed-4.4-1.tar.xz
2019/05/28 11:24:03 Downloaded C:\Users\Automation3\Downloads/ftp%3a%2f%2fftp.twaren.net%2fUnix%2fsourceware.org%2fcygwin%2f/x86_64/release/util-linux/libuuid1/libuuid1-2.33.1-1.tar.xz
2019/05/28 11:24:07 Downloaded C:\Users\Automation3\Downloads/ftp%3a%2f%2fftp.twaren.net%2fUnix%2fsourceware.org%2fcygwin%2f/x86_64/release/util-linux/libsmartcols1/libsmartcols1-2.33.1-1.tar.xz
2019/05/28 11:24:09 Downloaded C:\Users\Automation3\Downloads/ftp%3a%2f%2fftp.twaren.net%2fUnix%2fsourceware.org%2fcygwin%2f/x86_64/release/popt/libpopt0/libpopt0-1.16-2.tar.xz
2019/05/28 11:24:14 Downloaded C:\Users\Automation3\Downloads/ftp%3a%2f%2fftp.twaren.net%2fUnix%2fsourceware.org%2fcygwin%2f/x86_64/release/p11-kit/libp11-kit0/libp11-kit0-0.23.15-1.tar.xz
2019/05/28 11:24:17 Downloaded C:\Users\Automation3\Downloads/ftp%3a%2f%2fftp.twaren.net%2fUnix%2fsourceware.org%2fcygwin%2f/x86_64/release/libiconv/libiconv-1.14-3.tar.xz
2019/05/28 11:24:20 Downloaded C:\Users\Automation3\Downloads/ftp%3a%2f%2fftp.twaren.net%2fUnix%2fsourceware.org%2fcygwin%2f/x86_64/release/gdbm/libgdbm4/libgdbm4-1.12-1.tar.xz
2019/05/28 11:24:22 Downloaded C:\Users\Automation3\Downloads/ftp%3a%2f%2fftp.twaren.net%2fUnix%2fsourceware.org%2fcygwin%2f/x86_64/release/attr/libattr1/libattr1-2.4.48-2.tar.xz
2019/05/28 11:24:29 Downloaded C:\Users\Automation3\Downloads/ftp%3a%2f%2fftp.twaren.net%2fUnix%2fsourceware.org%2fcygwin%2f/x86_64/release/texinfo/info/info-6.6-1.tar.xz
2019/05/28 11:24:35 Downloaded C:\Users\Automation3\Downloads/ftp%3a%2f%2fftp.twaren.net%2fUnix%2fsourceware.org%2fcygwin%2f/x86_64/release/diffutils/diffutils-3.5-2.tar.xz
2019/05/28 11:24:36 connection error: 12015 fetching ftp://ftp.twaren.net/Unix/sourceware.org/cygwin/x86_64/release/alternatives/alternatives-1.3.30c-10.tar.bz2
2019/05/28 11:24:37 connection error: 12015 fetching ftp://ftp.twaren.net/Unix/sourceware.org/cygwin/x86_64/release/gawk/gawk-5.0.0-1.tar.xz
2019/05/28 11:24:38 connection error: 12015 fetching ftp://ftp.twaren.net/Unix/sourceware.org/cygwin/x86_64/release/util-linux/libblkid1/libblkid1-2.33.1-1.tar.xz
2019/05/28 11:24:39 connection error: 12015 fetching ftp://ftp.twaren.net/Unix/sourceware.org/cygwin/x86_64/release/cygutils/cygutils-1.4.16-2.tar.xz
2019/05/28 11:24:40 connection error: 12015 fetching ftp://ftp.twaren.net/Unix/sourceware.org/cygwin/x86_64/release/p11-kit/p11-kit-trust/p11-kit-trust-0.23.15-1.tar.xz
2019/05/28 11:24:41 connection error: 12015 fetching ftp://ftp.twaren.net/Unix/sourceware.org/cygwin/x86_64/release/p11-kit/p11-kit-0.23.15-1.tar.xz
2019/05/28 11:24:42 connection error: 12015 fetching ftp://ftp.twaren.net/Unix/sourceware.org/cygwin/x86_64/release/coreutils/coreutils-8.26-2.tar.xz
2019/05/28 11:24:42 connection error: 12015 fetching ftp://ftp.twaren.net/Unix/sourceware.org/cygwin/x86_64/release/util-linux/libfdisk1/libfdisk1-2.33.1-1.tar.xz
2019/05/28 11:24:43 connection error: 12015 fetching ftp://ftp.twaren.net/Unix/sourceware.org/cygwin/x86_64/release/bash/bash-4.4.12-3.tar.xz
2019/05/28 11:24:44 connection error: 12015 fetching ftp://ftp.twaren.net/Unix/sourceware.org/cygwin/x86_64/release/util-linux/util-linux-2.33.1-1.tar.xz
2019/05/28 11:24:45 connection error: 12015 fetching ftp://ftp.twaren.net/Unix/sourceware.org/cygwin/x86_64/release/tzcode/tzcode-2018i-1.tar.xz
2019/05/28 11:24:46 connection error: 12015 fetching ftp://ftp.twaren.net/Unix/sourceware.org/cygwin/x86_64/release/xz/xz-5.2.3-1.tar.xz
2019/05/28 11:24:47 connection error: 12015 fetching ftp://ftp.twaren.net/Unix/sourceware.org/cygwin/x86_64/release/gzip/gzip-1.8-1.tar.xz
2019/05/28 11:24:48 connection error: 12015 fetching ftp://ftp.twaren.net/Unix/sourceware.org/cygwin/x86_64/release/groff/groff-1.22.4-1.tar.xz
2019/05/28 11:24:49 connection error: 12015 fetching ftp://ftp.twaren.net/Unix/sourceware.org/cygwin/x86_64/release/grep/grep-3.0-2.tar.xz
2019/05/28 11:24:50 connection error: 12015 fetching ftp://ftp.twaren.net/Unix/sourceware.org/cygwin/x86_64/release/findutils/findutils-4.6.0-1.tar.xz
2019/05/28 11:24:51 connection error: 12015 fetching ftp://ftp.twaren.net/Unix/sourceware.org/cygwin/noarch/release/crypto-policies/crypto-policies-20190218-1.tar.xz
2019/05/28 11:24:52 connection error: 12015 fetching ftp://ftp.twaren.net/Unix/sourceware.org/cygwin/noarch/release/ca-certificates/ca-certificates-2.30-1.tar.xz
2019/05/28 11:24:53 connection error: 12015 fetching ftp://ftp.twaren.net/Unix/sourceware.org/cygwin/x86_64/release/bzip2/bzip2-1.0.6-3.tar.xz
2019/05/28 11:24:54 connection error: 12015 fetching ftp://ftp.twaren.net/Unix/sourceware.org/cygwin/x86_64/release/man-db/man-db-2.7.6.1-1.tar.xz
2019/05/28 11:24:55 connection error: 12015 fetching ftp://ftp.twaren.net/Unix/sourceware.org/cygwin/x86_64/release/rebase/rebase-4.4.4-1.tar.xz
2019/05/28 11:24:56 connection error: 12015 fetching ftp://ftp.twaren.net/Unix/sourceware.org/cygwin/noarch/release/base-files/base-files-4.3-2.tar.xz
2019/05/28 11:24:57 connection error: 12015 fetching ftp://ftp.twaren.net/Unix/sourceware.org/cygwin/x86_64/release/openssl/libssl1.1/libssl1.1-1.1.1b-1.tar.xz
2019/05/28 11:24:58 connection error: 12015 fetching ftp://ftp.twaren.net/Unix/sourceware.org/cygwin/x86_64/release/tar/tar-1.29-1.tar.xz
2019/05/28 11:24:58 connection error: 12015 fetching ftp://ftp.twaren.net/Unix/sourceware.org/cygwin/x86_64/release/openssl/openssl-1.1.1b-1.tar.xz
2019/05/28 11:24:58 The following package(s) had download errors:
2019/05/28 11:24:58   alternatives-1.3.30c-10
2019/05/28 11:24:58   gawk-5.0.0-1
2019/05/28 11:24:58   libblkid1-2.33.1-1
2019/05/28 11:24:58   cygutils-1.4.16-2
2019/05/28 11:24:58   p11-kit-trust-0.23.15-1
2019/05/28 11:24:58   p11-kit-0.23.15-1
2019/05/28 11:24:58   coreutils-8.26-2
2019/05/28 11:24:58   libfdisk1-2.33.1-1
2019/05/28 11:24:58   bash-4.4.12-3
2019/05/28 11:24:58   util-linux-2.33.1-1
2019/05/28 11:24:58   tzcode-2018i-1
2019/05/28 11:24:58   xz-5.2.3-1
2019/05/28 11:24:58   gzip-1.8-1
2019/05/28 11:24:58   groff-1.22.4-1
2019/05/28 11:24:58   grep-3.0-2
2019/05/28 11:24:58   findutils-4.6.0-1
2019/05/28 11:24:58   crypto-policies-20190218-1
2019/05/28 11:24:58   ca-certificates-2.30-1
2019/05/28 11:24:58   bzip2-1.0.6-3
2019/05/28 11:24:58   man-db-2.7.6.1-1
2019/05/28 11:24:58   rebase-4.4.4-1
2019/05/28 11:24:58   base-files-4.3-2
2019/05/28 11:24:58   libssl1.1-1.1.1b-1
2019/05/28 11:24:58   tar-1.29-1
2019/05/28 11:24:58   openssl-1.1.1b-1
2019/05/28 11:25:24 note: Download incomplete.  Check C:\ImageScripter_2\cygwin\var\log\setup.log.full for details
2019/05/28 11:25:24 Ending cygwin install
